Active-HDL 11.1.262.7351 2021-05-03 14:54:42

Elaboration top modules:
Architecture                  structure(modified_booth_multiplier)


------------------------------------------------------------------------------------------------------------------------
Entity                    | Architecture | Library               | Info | Compiler Version        | Compilation Options
------------------------------------------------------------------------------------------------------------------------
modified_booth_multiplier | structure    | Modified_Booth_radix4 |      | 11.1.262.7351 (Windows) | -O3
booth_decoder             | structure    | Modified_Booth_radix4 |      | 11.1.262.7351 (Windows) | -O3
twos_comp                 | structure    | Modified_Booth_radix4 |      | 11.1.262.7351 (Windows) | -O3
CLAdder                   | structure    | Modified_Booth_radix4 |      | 11.1.262.7351 (Windows) | -O3
------------------------------------------------------------------------------------------------------------------------

------------------------------------------------------------------------------------------------------------------------
VHDL Package                             | Library               | Info | Compiler Version        | Compilation Options
------------------------------------------------------------------------------------------------------------------------
standard                                 | std                   |      |                         | <unavailable>
TEXTIO                                   | std                   |      |                         | <unavailable>
std_logic_1164                           | ieee                  |      |                         | <unavailable>
NUMERIC_STD                              | ieee                  |      |                         | <unavailable>
------------------------------------------------------------------------------------------------------------------------

------------------------------------------------------------------------------------------------------------------------
Library                                  | Comment
------------------------------------------------------------------------------------------------------------------------
ieee                                     | Standard IEEE packages library
Modified_Booth_radix4                    | None
std                                      | Standard VHDL library
------------------------------------------------------------------------------------------------------------------------
